Running main() from /tmp/tmp8sod9cts/student/zaj8i9UniqueObjectList_and_parser/unitTests/lib/googletest/src/gtest_main.cc
[==========] Running 15 tests from 1 test suite.
[----------] Global test environment set-up.
[----------] 15 tests from ObjectListTester
[ RUN      ] ObjectListTester.constructionWithDefaultConstructor_expectedAllElementsAreZero
[       OK ] ObjectListTester.constructionWithDefaultConstructor_expectedAllElementsAreZero (0 ms)
[ RUN      ] ObjectListTester.pushFrontOfElements_expectedSizeIncreases
[       OK ] ObjectListTester.pushFrontOfElements_expectedSizeIncreases (0 ms)
[ RUN      ] ObjectListTester.pushFrontOfDuplicatedElements_expectedSizeIncreasesOnlyWhenUniqueElementAdded
[       OK ] ObjectListTester.pushFrontOfDuplicatedElements_expectedSizeIncreasesOnlyWhenUniqueElementAdded (0 ms)
[ RUN      ] ObjectListTester.popFrontOfElements_expectedSizeDecreases
[       OK ] ObjectListTester.popFrontOfElements_expectedSizeDecreases (0 ms)
[ RUN      ] ObjectListTester.frontOfLists_expectedCorrectFirstElementReturned
[       OK ] ObjectListTester.frontOfLists_expectedCorrectFirstElementReturned (0 ms)
[ RUN      ] ObjectListTester.clear_expectedAllElementsRemoved
[       OK ] ObjectListTester.clear_expectedAllElementsRemoved (0 ms)
[ RUN      ] ObjectListTester.reverse_expectedAllElementsReversed
[       OK ] ObjectListTester.reverse_expectedAllElementsReversed (0 ms)
[ RUN      ] ObjectListTester.iteratorMethodsSyntaxCorrect_expectedChecksPasses
[       OK ] ObjectListTester.iteratorMethodsSyntaxCorrect_expectedChecksPasses (0 ms)
[ RUN      ] ObjectListTester.loopingWithIterators_expectedSuccess
[       OK ] ObjectListTester.loopingWithIterators_expectedSuccess (0 ms)
[ RUN      ] ObjectListTester.eraseAfterMiddleElement_expectedMiddleElementErased
[       OK ] ObjectListTester.eraseAfterMiddleElement_expectedMiddleElementErased (0 ms)
[ RUN      ] ObjectListTester.eraseMiddleElement_expectedMiddleElementErased
[       OK ] ObjectListTester.eraseMiddleElement_expectedMiddleElementErased (0 ms)
[ RUN      ] ObjectListTester.copyConstructorImplemented_expected2ListsWithTheSameElementsInTheSameOrder
[       OK ] ObjectListTester.copyConstructorImplemented_expected2ListsWithTheSameElementsInTheSameOrder (0 ms)
[ RUN      ] ObjectListTester.moveConstructorImplemented_expectedAllElementsMovedToOrderContainer
[       OK ] ObjectListTester.moveConstructorImplemented_expectedAllElementsMovedToOrderContainer (0 ms)
[ RUN      ] ObjectListTester.assignmentOperatorCopying_expectedNewValues
[       OK ] ObjectListTester.assignmentOperatorCopying_expectedNewValues (0 ms)
[ RUN      ] ObjectListTester.assignmentOperatorMoving_expectedAllElementsMoved
[       OK ] ObjectListTester.assignmentOperatorMoving_expectedAllElementsMoved (0 ms)
[----------] 15 tests from ObjectListTester (0 ms total)

[----------] Global test environment tear-down
[==========] 15 tests from 1 test suite ran. (0 ms total)
[  PASSED  ] 15 tests.
Running main() from /tmp/tmp8sod9cts/student/zaj8i9UniqueObjectList_and_parser/unitTests/lib/googletest/src/gtest_main.cc
[==========] Running 6 tests from 2 test suites.
[----------] Global test environment set-up.
[----------] 2 tests from CommandsParserSystemTester
[ RUN      ] CommandsParserSystemTester.executingOurProgramWithoutAnyInput_expectedNoOutput
[       OK ] CommandsParserSystemTester.executingOurProgramWithoutAnyInput_expectedNoOutput (2 ms)
[ RUN      ] CommandsParserSystemTester.testInvalidCommand
[       OK ] CommandsParserSystemTester.testInvalidCommand (1 ms)
[----------] 2 tests from CommandsParserSystemTester (4 ms total)

[----------] 4 tests from CommandsParserSystemTester/CommandsParserSystemTester
[ RUN      ] CommandsParserSystemTester/CommandsParserSystemTester.testVariousScenariosUsingInputAndOutputFiles/0
/tmp/tmp8sod9cts/student/zaj8i9UniqueObjectList_and_parser/systemTests/executableTests.cpp:219: Failure
Expected equality of these values:
  expectedOutputFileLines[lineIndex]
    Which is: "StringObject(\"Kazdy test, ktory przechodzi, to wiecej punktow!\")"
  output.linesOfStdout_[lineIndex]
    Which is: "StringObject(\" wiecej punktow! test, ktory przechodzi, toKazdy\")"
indexOfLine=0, source file: /tmp/tmp8sod9cts/student/zaj8i9UniqueObjectList_and_parser/systemTests/inputOutputData/sumStringObject.in.txt, expected output file: /tmp/tmp8sod9cts/student/zaj8i9UniqueObjectList_and_parser/systemTests/inputOutputData/sumStringObject.out.txt
[  FAILED  ] CommandsParserSystemTester/CommandsParserSystemTester.testVariousScenariosUsingInputAndOutputFiles/0, where GetParam() = "sumStringObject" (2 ms)
[ RUN      ] CommandsParserSystemTester/CommandsParserSystemTester.testVariousScenariosUsingInputAndOutputFiles/1
[       OK ] CommandsParserSystemTester/CommandsParserSystemTester.testVariousScenariosUsingInputAndOutputFiles/1 (2 ms)
[ RUN      ] CommandsParserSystemTester/CommandsParserSystemTester.testVariousScenariosUsingInputAndOutputFiles/2
[       OK ] CommandsParserSystemTester/CommandsParserSystemTester.testVariousScenariosUsingInputAndOutputFiles/2 (2 ms)
[ RUN      ] CommandsParserSystemTester/CommandsParserSystemTester.testVariousScenariosUsingInputAndOutputFiles/3
[       OK ] CommandsParserSystemTester/CommandsParserSystemTester.testVariousScenariosUsingInputAndOutputFiles/3 (2 ms)
[----------] 4 tests from CommandsParserSystemTester/CommandsParserSystemTester (8 ms total)

[----------] Global test environment tear-down
[==========] 6 tests from 2 test suites ran. (13 ms total)
[  PASSED  ] 5 tests.
[  FAILED  ] 1 test, listed below:
[  FAILED  ] CommandsParserSystemTester/CommandsParserSystemTester.testVariousScenariosUsingInputAndOutputFiles/0, where GetParam() = "sumStringObject"

 1 FAILED TEST
